<?xml version="1.0" encoding="UTF-8"?>
<coverage generated="1631527862187" clover="3.2.0">
  <project timestamp="1631527862187" name="All files">
    <metrics statements="33" coveredstatements="30" conditionals="13" coveredconditionals="10" methods="9" coveredmethods="9" elements="55" coveredelements="49" complexity="0" loc="33" ncloc="33" packages="1" files="2" classes="2"/>
    <file name="calculator.js" path="/home/priya/Documents/TA-JS-advanced-dom-and-test-TJaaan/block-BJaajd/code/calculator.js">
      <metrics statements="19" coveredstatements="16" conditionals="10" coveredconditionals="7" methods="6" coveredmethods="6"/>
      <line num="2" count="1" type="cond" truecount="3" falsecount="1"/>
      <line num="3" count="1" type="stmt"/>
      <line num="5" count="0" type="stmt"/>
      <line num="9" count="1" type="stmt"/>
      <line num="13" count="1" type="stmt"/>
      <line num="16" count="1" type="stmt"/>
      <line num="20" count="1" type="stmt"/>
      <line num="21" count="1" type="cond" truecount="1" falsecount="1"/>
      <line num="22" count="0" type="stmt"/>
      <line num="23" count="1" type="stmt"/>
      <line num="24" count="2" type="stmt"/>
      <line num="26" count="1" type="stmt"/>
      <line num="31" count="2" type="cond" truecount="3" falsecount="1"/>
      <line num="32" count="0" type="stmt"/>
      <line num="33" count="2" type="stmt"/>
      <line num="34" count="8" type="stmt"/>
      <line num="36" count="2" type="stmt"/>
      <line num="38" count="1" type="stmt"/>
      <line num="40" count="1" type="stmt"/>
    </file>
    <file name="index.js" path="/home/priya/Documents/TA-JS-advanced-dom-and-test-TJaaan/block-BJaajd/code/index.js">
      <metrics statements="14" coveredstatements="14" conditionals="3" coveredconditionals="3" methods="3" coveredmethods="3"/>
      <line num="1" count="1" type="stmt"/>
      <line num="7" count="3" type="stmt"/>
      <line num="8" count="3" type="stmt"/>
      <line num="9" count="11" type="cond" truecount="2" falsecount="0"/>
      <line num="10" count="8" type="stmt"/>
      <line num="13" count="3" type="stmt"/>
      <line num="16" count="1" type="stmt"/>
      <line num="17" count="1" type="stmt"/>
      <line num="18" count="2" type="stmt"/>
      <line num="20" count="1" type="stmt"/>
      <line num="24" count="3" type="stmt"/>
      <line num="25" count="3" type="stmt"/>
      <line num="26" count="10" type="stmt"/>
      <line num="28" count="3" type="stmt"/>
    </file>
  </project>
</coverage>
