{"/home/priya/Documents/TA-JS-advanced-dom-and-test-TJaaan/block-BJaajd/code/calculator.js": {"path":"/home/priya/Documents/TA-JS-advanced-dom-and-test-TJaaan/block-BJaajd/code/calculator.js","statementMap":{"0":{"start":{"line":2,"column":2},"end":{"line":4,"column":3}},"1":{"start":{"line":3,"column":4},"end":{"line":3,"column":16}},"2":{"start":{"line":5,"column":2},"end":{"line":5,"column":28}},"3":{"start":{"line":9,"column":2},"end":{"line":9,"column":14}},"4":{"start":{"line":13,"column":2},"end":{"line":13,"column":15}},"5":{"start":{"line":16,"column":2},"end":{"line":16,"column":15}},"6":{"start":{"line":20,"column":14},"end":{"line":20,"column":15}},"7":{"start":{"line":21,"column":1},"end":{"line":22,"column":15}},"8":{"start":{"line":22,"column":2},"end":{"line":22,"column":15}},"9":{"start":{"line":23,"column":1},"end":{"line":25,"column":2}},"10":{"start":{"line":23,"column":11},"end":{"line":23,"column":12}},"11":{"start":{"line":24,"column":2},"end":{"line":24,"column":25}},"12":{"start":{"line":26,"column":1},"end":{"line":26,"column":15}},"13":{"start":{"line":31,"column":4},"end":{"line":32,"column":15}},"14":{"start":{"line":32,"column":6},"end":{"line":32,"column":15}},"15":{"start":{"line":33,"column":4},"end":{"line":35,"column":5}},"16":{"start":{"line":33,"column":17},"end":{"line":33,"column":24}},"17":{"start":{"line":34,"column":6},"end":{"line":34,"column":15}},"18":{"start":{"line":36,"column":4},"end":{"line":36,"column":15}},"19":{"start":{"line":38,"column":2},"end":{"line":38,"column":15}},"20":{"start":{"line":40,"column":0},"end":{"line":47,"column":2}}},"fnMap":{"0":{"name":"add","decl":{"start":{"line":1,"column":9},"end":{"line":1,"column":12}},"loc":{"start":{"line":1,"column":19},"end":{"line":6,"column":1}},"line":1},"1":{"name":"subtract","decl":{"start":{"line":8,"column":9},"end":{"line":8,"column":17}},"loc":{"start":{"line":8,"column":23},"end":{"line":10,"column":1}},"line":8},"2":{"name":"sum","decl":{"start":{"line":12,"column":9},"end":{"line":12,"column":12}},"loc":{"start":{"line":12,"column":19},"end":{"line":14,"column":1}},"line":12},"3":{"name":"multiply","decl":{"start":{"line":15,"column":9},"end":{"line":15,"column":17}},"loc":{"start":{"line":15,"column":23},"end":{"line":17,"column":1}},"line":15},"4":{"name":"power","decl":{"start":{"line":19,"column":9},"end":{"line":19,"column":14}},"loc":{"start":{"line":19,"column":31},"end":{"line":27,"column":1}},"line":19},"5":{"name":"factorial","decl":{"start":{"line":30,"column":11},"end":{"line":30,"column":20}},"loc":{"start":{"line":30,"column":26},"end":{"line":37,"column":3}},"line":30}},"branchMap":{"0":{"loc":{"start":{"line":2,"column":2},"end":{"line":4,"column":3}},"type":"if","locations":[{"start":{"line":2,"column":2},"end":{"line":4,"column":3}},{"start":{"line":2,"column":2},"end":{"line":4,"column":3}}],"line":2},"1":{"loc":{"start":{"line":2,"column":6},"end":{"line":2,"column":51}},"type":"binary-expr","locations":[{"start":{"line":2,"column":6},"end":{"line":2,"column":26}},{"start":{"line":2,"column":30},"end":{"line":2,"column":51}}],"line":2},"2":{"loc":{"start":{"line":21,"column":1},"end":{"line":22,"column":15}},"type":"if","locations":[{"start":{"line":21,"column":1},"end":{"line":22,"column":15}},{"start":{"line":21,"column":1},"end":{"line":22,"column":15}}],"line":21},"3":{"loc":{"start":{"line":31,"column":4},"end":{"line":32,"column":15}},"type":"if","locations":[{"start":{"line":31,"column":4},"end":{"line":32,"column":15}},{"start":{"line":31,"column":4},"end":{"line":32,"column":15}}],"line":31},"4":{"loc":{"start":{"line":31,"column":8},"end":{"line":31,"column":30}},"type":"binary-expr","locations":[{"start":{"line":31,"column":8},"end":{"line":31,"column":17}},{"start":{"line":31,"column":21},"end":{"line":31,"column":30}}],"line":31}},"s":{"0":1,"1":1,"2":0,"3":1,"4":1,"5":1,"6":1,"7":1,"8":0,"9":1,"10":1,"11":2,"12":1,"13":2,"14":0,"15":2,"16":2,"17":8,"18":2,"19":1,"20":1},"f":{"0":1,"1":1,"2":1,"3":1,"4":1,"5":2},"b":{"0":[1,0],"1":[1,1],"2":[0,1],"3":[0,2],"4":[2,2]},"_coverageSchema":"1a1c01bbd47fc00a2c39e90264f33305004495a9","hash":"28adbd25c96ce88a2dba70734dec34dd408e6c6a"}
,"/home/priya/Documents/TA-JS-advanced-dom-and-test-TJaaan/block-BJaajd/code/index.js": {"path":"/home/priya/Documents/TA-JS-advanced-dom-and-test-TJaaan/block-BJaajd/code/index.js","statementMap":{"0":{"start":{"line":1,"column":0},"end":{"line":5,"column":4}},"1":{"start":{"line":7,"column":19},"end":{"line":7,"column":21}},"2":{"start":{"line":8,"column":4},"end":{"line":12,"column":5}},"3":{"start":{"line":8,"column":17},"end":{"line":8,"column":18}},"4":{"start":{"line":9,"column":6},"end":{"line":11,"column":7}},"5":{"start":{"line":10,"column":8},"end":{"line":10,"column":32}},"6":{"start":{"line":13,"column":4},"end":{"line":13,"column":20}},"7":{"start":{"line":16,"column":18},"end":{"line":16,"column":20}},"8":{"start":{"line":17,"column":4},"end":{"line":19,"column":5}},"9":{"start":{"line":17,"column":21},"end":{"line":17,"column":22}},"10":{"start":{"line":18,"column":6},"end":{"line":18,"column":41}},"11":{"start":{"line":20,"column":4},"end":{"line":20,"column":17}},"12":{"start":{"line":24,"column":14},"end":{"line":24,"column":27}},"13":{"start":{"line":25,"column":4},"end":{"line":27,"column":5}},"14":{"start":{"line":25,"column":21},"end":{"line":25,"column":22}},"15":{"start":{"line":26,"column":5},"end":{"line":26,"column":52}},"16":{"start":{"line":28,"column":4},"end":{"line":28,"column":15}}},"fnMap":{"0":{"name":"removeFromArray","decl":{"start":{"line":6,"column":11},"end":{"line":6,"column":26}},"loc":{"start":{"line":6,"column":39},"end":{"line":14,"column":3}},"line":6},"1":{"name":"map","decl":{"start":{"line":15,"column":11},"end":{"line":15,"column":14}},"loc":{"start":{"line":15,"column":32},"end":{"line":21,"column":3}},"line":15},"2":{"name":"reduce","decl":{"start":{"line":23,"column":11},"end":{"line":23,"column":17}},"loc":{"start":{"line":23,"column":60},"end":{"line":29,"column":3}},"line":23}},"branchMap":{"0":{"loc":{"start":{"line":9,"column":6},"end":{"line":11,"column":7}},"type":"if","locations":[{"start":{"line":9,"column":6},"end":{"line":11,"column":7}},{"start":{"line":9,"column":6},"end":{"line":11,"column":7}}],"line":9},"1":{"loc":{"start":{"line":23,"column":34},"end":{"line":23,"column":58}},"type":"default-arg","locations":[{"start":{"line":23,"column":50},"end":{"line":23,"column":58}}],"line":23}},"s":{"0":1,"1":3,"2":3,"3":3,"4":11,"5":8,"6":3,"7":1,"8":1,"9":1,"10":2,"11":1,"12":3,"13":3,"14":3,"15":10,"16":3},"f":{"0":3,"1":1,"2":3},"b":{"0":[8,3],"1":[1]},"_coverageSchema":"1a1c01bbd47fc00a2c39e90264f33305004495a9","hash":"f64df742e5d22fa0de04095beed2d8453230e17b"}
}
