TN:
SF:calculator.js
FN:1,add
FN:8,subtract
FN:12,sum
FN:15,multiply
FN:19,power
FN:30,factorial
FNF:6
FNH:6
FNDA:1,add
FNDA:1,subtract
FNDA:1,sum
FNDA:1,multiply
FNDA:1,power
FNDA:2,factorial
DA:2,1
DA:3,1
DA:5,0
DA:9,1
DA:13,1
DA:16,1
DA:20,1
DA:21,1
DA:22,0
DA:23,1
DA:24,2
DA:26,1
DA:31,2
DA:32,0
DA:33,2
DA:34,8
DA:36,2
DA:38,1
DA:40,1
LF:19
LH:16
BRDA:2,0,0,1
BRDA:2,0,1,0
BRDA:2,1,0,1
BRDA:2,1,1,1
BRDA:21,2,0,0
BRDA:21,2,1,1
BRDA:31,3,0,0
BRDA:31,3,1,2
BRDA:31,4,0,2
BRDA:31,4,1,2
BRF:10
BRH:7
end_of_record
TN:
SF:index.js
FN:6,removeFromArray
FN:15,map
FN:23,reduce
FNF:3
FNH:3
FNDA:3,removeFromArray
FNDA:1,map
FNDA:3,reduce
DA:1,1
DA:7,3
DA:8,3
DA:9,11
DA:10,8
DA:13,3
DA:16,1
DA:17,1
DA:18,2
DA:20,1
DA:24,3
DA:25,3
DA:26,10
DA:28,3
LF:14
LH:14
BRDA:9,0,0,8
BRDA:9,0,1,3
BRDA:23,1,0,1
BRF:3
BRH:3
end_of_record
